Started GET "/" for ::1 at 2022-05-28 11:29:09 +0900
  [1m[35m (2.4ms)[0m  [1m[34mSELECT sqlite_version(*)[0m
  [1m[35m (2.2ms)[0m  [1m[35mCREATE TABLE "schema_migrations" ("version" varchar NOT NULL PRIMARY KEY)[0m
  [1m[35m (1.4ms)[0m  [1m[35mCREATE TABLE "ar_internal_metadata" ("key" varchar NOT NULL PRIMARY KEY, "value" varchar, "created_at" datetime(6) NOT NULL, "updated_at" datetime(6) NOT NULL)[0m
  [1m[35m (0.2ms)[0m  [1m[34mSELECT "schema_migrations"."version" FROM "schema_migrations" ORDER BY "schema_migrations"."version" ASC[0m
  
ActiveRecord::PendingMigrationError (

Migrations are pending. To resolve this issue, run:

        bin/rails db:migrate RAILS_ENV=development

You have 4 pending migrations:

20211020103118_create_departments.rb
20211020103151_create_offices.rb
20211020103241_create_employees.rb
20211020112406_create_profiles.rb


):
  
activerecord (6.1.4.1) lib/active_record/migration.rb:625:in `check_pending!'
activerecord (6.1.4.1) lib/active_record/migration.rb:590:in `block (2 levels) in call'
activesupport (6.1.4.1) lib/active_support/evented_file_update_checker.rb:59:in `execute'
activerecord (6.1.4.1) lib/active_record/migration.rb:595:in `block in call'
activerecord (6.1.4.1) lib/active_record/migration.rb:587:in `synchronize'
activerecord (6.1.4.1) lib/active_record/migration.rb:587:in `call'
actionpack (6.1.4.1) lib/action_dispatch/middleware/callbacks.rb:27:in `block in call'
activesupport (6.1.4.1) lib/active_support/callbacks.rb:98:in `run_callbacks'
actionpack (6.1.4.1) lib/action_dispatch/middleware/callbacks.rb:26:in `call'
actionpack (6.1.4.1) lib/action_dispatch/middleware/executor.rb:14:in `call'
actionpack (6.1.4.1) lib/action_dispatch/middleware/actionable_exceptions.rb:18:in `call'
actionpack (6.1.4.1) lib/action_dispatch/middleware/debug_exceptions.rb:29:in `call'
web-console (4.1.0) lib/web_console/middleware.rb:132:in `call_app'
web-console (4.1.0) lib/web_console/middleware.rb:28:in `block in call'
web-console (4.1.0) lib/web_console/middleware.rb:17:in `catch'
web-console (4.1.0) lib/web_console/middleware.rb:17:in `call'
actionpack (6.1.4.1) lib/action_dispatch/middleware/show_exceptions.rb:33:in `call'
railties (6.1.4.1) lib/rails/rack/logger.rb:37:in `call_app'
railties (6.1.4.1) lib/rails/rack/logger.rb:26:in `block in call'
activesupport (6.1.4.1) lib/active_support/tagged_logging.rb:99:in `block in tagged'
activesupport (6.1.4.1) lib/active_support/tagged_logging.rb:37:in `tagged'
activesupport (6.1.4.1) lib/active_support/tagged_logging.rb:99:in `tagged'
railties (6.1.4.1) lib/rails/rack/logger.rb:26:in `call'
sprockets-rails (3.2.2) lib/sprockets/rails/quiet_assets.rb:13:in `call'
actionpack (6.1.4.1) lib/action_dispatch/middleware/remote_ip.rb:81:in `call'
actionpack (6.1.4.1) lib/action_dispatch/middleware/request_id.rb:26:in `call'
rack (2.2.3) lib/rack/method_override.rb:24:in `call'
rack (2.2.3) lib/rack/runtime.rb:22:in `call'
activesupport (6.1.4.1) lib/active_support/cache/strategy/local_cache_middleware.rb:29:in `call'
actionpack (6.1.4.1) lib/action_dispatch/middleware/executor.rb:14:in `call'
actionpack (6.1.4.1) lib/action_dispatch/middleware/static.rb:24:in `call'
rack (2.2.3) lib/rack/sendfile.rb:110:in `call'
actionpack (6.1.4.1) lib/action_dispatch/middleware/host_authorization.rb:98:in `call'
rack-mini-profiler (2.3.3) lib/mini_profiler/profiler.rb:393:in `call'
webpacker (5.4.3) lib/webpacker/dev_server_proxy.rb:25:in `perform_request'
rack-proxy (0.7.0) lib/rack/proxy.rb:63:in `call'
railties (6.1.4.1) lib/rails/engine.rb:539:in `call'
puma (5.5.2) lib/puma/configuration.rb:249:in `call'
puma (5.5.2) lib/puma/request.rb:77:in `block in handle_request'
puma (5.5.2) lib/puma/thread_pool.rb:340:in `with_force_shutdown'
puma (5.5.2) lib/puma/request.rb:76:in `handle_request'
puma (5.5.2) lib/puma/server.rb:447:in `process_client'
puma (5.5.2) lib/puma/thread_pool.rb:147:in `block in spawn_thread'
  [1m[35m (1.0ms)[0m  [1m[34mSELECT sqlite_version(*)[0m
  [1m[35m (0.7ms)[0m  [1m[34mSELECT "schema_migrations"."version" FROM "schema_migrations" ORDER BY "schema_migrations"."version" ASC[0m
Migrating to CreateDepartments (20211020103118)
  [1m[36mTRANSACTION (0.1ms)[0m  [1m[36mbegin transaction[0m
  [1m[35m (0.9ms)[0m  [1m[35mCREATE TABLE "departments" ("id" integer PRIMARY KEY AUTOINCREMENT NOT NULL, "name" varchar NOT NULL, "deleted_at" datetime DEFAULT NULL, "created_at" datetime(6) NOT NULL, "updated_at" datetime(6) NOT NULL)[0m
  [1m[36mActiveRecord::SchemaMigration Create (1.6ms)[0m  [1m[32mINSERT INTO "schema_migrations" ("version") VALUES (?)[0m  [["version", "20211020103118"]]
  [1m[36mTRANSACTION (1.9ms)[0m  [1m[36mcommit transaction[0m
Migrating to CreateOffices (20211020103151)
  [1m[36mTRANSACTION (0.1ms)[0m  [1m[36mbegin transaction[0m
  [1m[35m (0.4ms)[0m  [1m[35mCREATE TABLE "offices" ("id" integer PRIMARY KEY AUTOINCREMENT NOT NULL, "name" varchar NOT NULL, "deleted_at" datetime DEFAULT NULL, "created_at" datetime(6) NOT NULL, "updated_at" datetime(6) NOT NULL)[0m
  [1m[36mActiveRecord::SchemaMigration Create (0.2ms)[0m  [1m[32mINSERT INTO "schema_migrations" ("version") VALUES (?)[0m  [["version", "20211020103151"]]
  [1m[36mTRANSACTION (5.8ms)[0m  [1m[36mcommit transaction[0m
Migrating to CreateEmployees (20211020103241)
  [1m[36mTRANSACTION (0.1ms)[0m  [1m[36mbegin transaction[0m
  [1m[35m (0.7ms)[0m  [1m[35mCREATE TABLE "employees" ("id" integer PRIMARY KEY AUTOINCREMENT NOT NULL, "department_id" integer NOT NULL, "office_id" integer NOT NULL, "number" varchar NOT NULL, "last_name" varchar NOT NULL, "first_name" varchar NOT NULL, "account" varchar NOT NULL, "password" varchar NOT NULL, "email" varchar NOT NULL, "date_of_joining" date NOT NULL, "employee_info_manage_auth" boolean DEFAULT 0 NOT NULL, "deleted_at" datetime DEFAULT NULL, "created_at" datetime(6) NOT NULL, "updated_at" datetime(6) NOT NULL)[0m
  [1m[35m (0.3ms)[0m  [1m[35mCREATE INDEX "index_employees_on_department_id" ON "employees" ("department_id")[0m
  [1m[35m (0.2ms)[0m  [1m[35mCREATE INDEX "index_employees_on_office_id" ON "employees" ("office_id")[0m
  [1m[35m (0.0ms)[0m  [1m[35mPRAGMA foreign_keys[0m
  [1m[35m (0.1ms)[0m  [1m[35mPRAGMA defer_foreign_keys[0m
  [1m[35m (0.1ms)[0m  [1m[35mPRAGMA defer_foreign_keys = ON[0m
  [1m[35m (0.1ms)[0m  [1m[35mPRAGMA foreign_keys = OFF[0m
  [1m[35m (1.1ms)[0m  [1m[35mCREATE TEMPORARY TABLE "aemployees" ("id" integer NOT NULL PRIMARY KEY, "department_id" integer NOT NULL, "office_id" integer NOT NULL, "number" varchar NOT NULL, "last_name" varchar NOT NULL, "first_name" varchar NOT NULL, "account" varchar NOT NULL, "password" varchar NOT NULL, "email" varchar NOT NULL, "date_of_joining" date NOT NULL, "employee_info_manage_auth" boolean DEFAULT 0 NOT NULL, "deleted_at" datetime DEFAULT NULL, "created_at" datetime(6) NOT NULL, "updated_at" datetime(6) NOT NULL)[0m
  [1m[35m (0.1ms)[0m  [1m[35mCREATE INDEX "tindex_aemployees_on_office_id" ON "aemployees" ("office_id")[0m
  [1m[35m (3.0ms)[0m  [1m[35mCREATE INDEX "tindex_aemployees_on_department_id" ON "aemployees" ("department_id")[0m
  [1m[35m (0.1ms)[0m  [1m[32mINSERT INTO "aemployees" ("id","department_id","office_id","number","last_name","first_name","account","password","email","date_of_joining","employee_info_manage_auth","deleted_at","created_at","updated_at")
                     SELECT "id","department_id","office_id","number","last_name","first_name","account","password","email","date_of_joining","employee_info_manage_auth","deleted_at","created_at","updated_at" FROM "employees"[0m
  [1m[35m (1.0ms)[0m  [1m[35mDROP TABLE "employees"[0m
  [1m[35m (0.2ms)[0m  [1m[35mCREATE TABLE "employees" ("id" integer NOT NULL PRIMARY KEY, "department_id" integer NOT NULL, "office_id" integer NOT NULL, "number" varchar NOT NULL, "last_name" varchar NOT NULL, "first_name" varchar NOT NULL, "account" varchar NOT NULL, "password" varchar NOT NULL, "email" varchar NOT NULL, "date_of_joining" date NOT NULL, "employee_info_manage_auth" boolean DEFAULT 0 NOT NULL, "deleted_at" datetime DEFAULT NULL, "created_at" datetime(6) NOT NULL, "updated_at" datetime(6) NOT NULL, CONSTRAINT "fk_rails_0025f65a97"
FOREIGN KEY ("department_id")
  REFERENCES "departments" ("id")
)[0m
  [1m[35m (0.1ms)[0m  [1m[35mCREATE INDEX "index_employees_on_department_id" ON "employees" ("department_id")[0m
  [1m[35m (0.1ms)[0m  [1m[35mCREATE INDEX "index_employees_on_office_id" ON "employees" ("office_id")[0m
  [1m[35m (0.1ms)[0m  [1m[32mINSERT INTO "employees" ("id","department_id","office_id","number","last_name","first_name","account","password","email","date_of_joining","employee_info_manage_auth","deleted_at","created_at","updated_at")
                     SELECT "id","department_id","office_id","number","last_name","first_name","account","password","email","date_of_joining","employee_info_manage_auth","deleted_at","created_at","updated_at" FROM "aemployees"[0m
  [1m[35m (0.1ms)[0m  [1m[35mDROP TABLE "aemployees"[0m
  [1m[35m (0.0ms)[0m  [1m[35mPRAGMA defer_foreign_keys = 0[0m
  [1m[35m (0.0ms)[0m  [1m[35mPRAGMA foreign_keys = 1[0m
  [1m[35m (0.0ms)[0m  [1m[35mPRAGMA foreign_keys[0m
  [1m[35m (0.0ms)[0m  [1m[35mPRAGMA defer_foreign_keys[0m
  [1m[35m (0.1ms)[0m  [1m[35mPRAGMA defer_foreign_keys = ON[0m
  [1m[35m (0.1ms)[0m  [1m[35mPRAGMA foreign_keys = OFF[0m
  [1m[35m (0.3ms)[0m  [1m[35mCREATE TEMPORARY TABLE "aemployees" ("id" integer NOT NULL PRIMARY KEY, "department_id" integer NOT NULL, "office_id" integer NOT NULL, "number" varchar NOT NULL, "last_name" varchar NOT NULL, "first_name" varchar NOT NULL, "account" varchar NOT NULL, "password" varchar NOT NULL, "email" varchar NOT NULL, "date_of_joining" date NOT NULL, "employee_info_manage_auth" boolean DEFAULT 0 NOT NULL, "deleted_at" datetime DEFAULT NULL, "created_at" datetime(6) NOT NULL, "updated_at" datetime(6) NOT NULL)[0m
  [1m[35m (0.1ms)[0m  [1m[35mCREATE INDEX "tindex_aemployees_on_office_id" ON "aemployees" ("office_id")[0m
  [1m[35m (0.1ms)[0m  [1m[35mCREATE INDEX "tindex_aemployees_on_department_id" ON "aemployees" ("department_id")[0m
  [1m[35m (0.2ms)[0m  [1m[32mINSERT INTO "aemployees" ("id","department_id","office_id","number","last_name","first_name","account","password","email","date_of_joining","employee_info_manage_auth","deleted_at","created_at","updated_at")
                     SELECT "id","department_id","office_id","number","last_name","first_name","account","password","email","date_of_joining","employee_info_manage_auth","deleted_at","created_at","updated_at" FROM "employees"[0m
  [1m[35m (0.2ms)[0m  [1m[35mDROP TABLE "employees"[0m
  [1m[35m (0.2ms)[0m  [1m[35mCREATE TABLE "employees" ("id" integer NOT NULL PRIMARY KEY, "department_id" integer NOT NULL, "office_id" integer NOT NULL, "number" varchar NOT NULL, "last_name" varchar NOT NULL, "first_name" varchar NOT NULL, "account" varchar NOT NULL, "password" varchar NOT NULL, "email" varchar NOT NULL, "date_of_joining" date NOT NULL, "employee_info_manage_auth" boolean DEFAULT 0 NOT NULL, "deleted_at" datetime DEFAULT NULL, "created_at" datetime(6) NOT NULL, "updated_at" datetime(6) NOT NULL, CONSTRAINT "fk_rails_0025f65a97"
FOREIGN KEY ("department_id")
  REFERENCES "departments" ("id")
, CONSTRAINT "fk_rails_e87ac712d3"
FOREIGN KEY ("office_id")
  REFERENCES "offices" ("id")
)[0m
  [1m[35m (0.1ms)[0m  [1m[35mCREATE INDEX "index_employees_on_department_id" ON "employees" ("department_id")[0m
  [1m[35m (0.2ms)[0m  [1m[35mCREATE INDEX "index_employees_on_office_id" ON "employees" ("office_id")[0m
  [1m[35m (0.1ms)[0m  [1m[32mINSERT INTO "employees" ("id","department_id","office_id","number","last_name","first_name","account","password","email","date_of_joining","employee_info_manage_auth","deleted_at","created_at","updated_at")
                     SELECT "id","department_id","office_id","number","last_name","first_name","account","password","email","date_of_joining","employee_info_manage_auth","deleted_at","created_at","updated_at" FROM "aemployees"[0m
  [1m[35m (0.1ms)[0m  [1m[35mDROP TABLE "aemployees"[0m
  [1m[35m (0.0ms)[0m  [1m[35mPRAGMA defer_foreign_keys = 0[0m
  [1m[35m (0.0ms)[0m  [1m[35mPRAGMA foreign_keys = 1[0m
  [1m[36mActiveRecord::SchemaMigration Create (0.2ms)[0m  [1m[32mINSERT INTO "schema_migrations" ("version") VALUES (?)[0m  [["version", "20211020103241"]]
  [1m[36mTRANSACTION (6.1ms)[0m  [1m[36mcommit transaction[0m
Migrating to CreateProfiles (20211020112406)
  [1m[36mTRANSACTION (0.1ms)[0m  [1m[36mbegin transaction[0m
  [1m[35m (0.6ms)[0m  [1m[35mCREATE TABLE "profiles" ("id" integer PRIMARY KEY AUTOINCREMENT NOT NULL, "employee_id" integer NOT NULL, "profile" text NOT NULL, "deleted_at" datetime DEFAULT NULL, "created_at" datetime(6) NOT NULL, "updated_at" datetime(6) NOT NULL)[0m
  [1m[35m (0.2ms)[0m  [1m[35mCREATE INDEX "index_profiles_on_employee_id" ON "profiles" ("employee_id")[0m
  [1m[35m (0.1ms)[0m  [1m[35mPRAGMA foreign_keys[0m
  [1m[35m (2.7ms)[0m  [1m[35mPRAGMA defer_foreign_keys[0m
  [1m[35m (0.1ms)[0m  [1m[35mPRAGMA defer_foreign_keys = ON[0m
  [1m[35m (0.1ms)[0m  [1m[35mPRAGMA foreign_keys = OFF[0m
  [1m[35m (0.2ms)[0m  [1m[35mCREATE TEMPORARY TABLE "aprofiles" ("id" integer NOT NULL PRIMARY KEY, "employee_id" integer NOT NULL, "profile" text NOT NULL, "deleted_at" datetime DEFAULT NULL, "created_at" datetime(6) NOT NULL, "updated_at" datetime(6) NOT NULL)[0m
  [1m[35m (0.2ms)[0m  [1m[35mCREATE INDEX "tindex_aprofiles_on_employee_id" ON "aprofiles" ("employee_id")[0m
  [1m[35m (0.1ms)[0m  [1m[32mINSERT INTO "aprofiles" ("id","employee_id","profile","deleted_at","created_at","updated_at")
                     SELECT "id","employee_id","profile","deleted_at","created_at","updated_at" FROM "profiles"[0m
  [1m[35m (0.1ms)[0m  [1m[35mDROP TABLE "profiles"[0m
  [1m[35m (0.3ms)[0m  [1m[35mCREATE TABLE "profiles" ("id" integer NOT NULL PRIMARY KEY, "employee_id" integer NOT NULL, "profile" text NOT NULL, "deleted_at" datetime DEFAULT NULL, "created_at" datetime(6) NOT NULL, "updated_at" datetime(6) NOT NULL, CONSTRAINT "fk_rails_3b84e63c66"
FOREIGN KEY ("employee_id")
  REFERENCES "employees" ("id")
)[0m
  [1m[35m (0.1ms)[0m  [1m[35mCREATE INDEX "index_profiles_on_employee_id" ON "profiles" ("employee_id")[0m
  [1m[35m (0.1ms)[0m  [1m[32mINSERT INTO "profiles" ("id","employee_id","profile","deleted_at","created_at","updated_at")
                     SELECT "id","employee_id","profile","deleted_at","created_at","updated_at" FROM "aprofiles"[0m
  [1m[35m (0.1ms)[0m  [1m[35mDROP TABLE "aprofiles"[0m
  [1m[35m (0.1ms)[0m  [1m[35mPRAGMA defer_foreign_keys = 0[0m
  [1m[35m (0.0ms)[0m  [1m[35mPRAGMA foreign_keys = 1[0m
  [1m[36mActiveRecord::SchemaMigration Create (0.3ms)[0m  [1m[32mINSERT INTO "schema_migrations" ("version") VALUES (?)[0m  [["version", "20211020112406"]]
  [1m[36mTRANSACTION (8.9ms)[0m  [1m[36mcommit transaction[0m
  [1m[36mActiveRecord::InternalMetadata Load (1.3ms)[0m  [1m[34mSELECT "ar_internal_metadata".* FROM "ar_internal_metadata" WHERE "ar_internal_metadata"."key" = ? LIMIT ?[0m  [["key", "environment"], ["LIMIT", 1]]
  [1m[36mTRANSACTION (0.1ms)[0m  [1m[36mbegin transaction[0m
  [1m[36mActiveRecord::InternalMetadata Create (1.0ms)[0m  [1m[32mINSERT INTO "ar_internal_metadata" ("key", "value", "created_at", "updated_at") VALUES (?, ?, ?, ?)[0m  [["key", "environment"], ["value", "development"], ["created_at", "2022-05-28 02:29:58.575187"], ["updated_at", "2022-05-28 02:29:58.575187"]]
  [1m[36mTRANSACTION (1.2ms)[0m  [1m[36mcommit transaction[0m
  [1m[35m (5.6ms)[0m  [1m[34mSELECT sqlite_version(*)[0m
  [1m[35m (0.1ms)[0m  [1m[34mSELECT "schema_migrations"."version" FROM "schema_migrations" ORDER BY "schema_migrations"."version" ASC[0m
Started GET "/" for ::1 at 2022-05-28 11:30:07 +0900
  [1m[35m (0.1ms)[0m  [1m[34mSELECT sqlite_version(*)[0m
  [1m[35m (0.2ms)[0m  [1m[34mSELECT "schema_migrations"."version" FROM "schema_migrations" ORDER BY "schema_migrations"."version" ASC[0m
Processing by EmployeesController#index as HTML
  [1m[36mEmployee Load (0.4ms)[0m  [1m[34mSELECT "employees".* FROM "employees" WHERE "employees"."id" IS NULL LIMIT ?[0m  [["LIMIT", 1]]
  ↳ app/helpers/sessions_helper.rb:7:in `current_user'
Redirected to http://localhost:3000/login
Filter chain halted as :user_logged_in? rendered or redirected
Completed 302 Found in 53ms (ActiveRecord: 1.0ms | Allocations: 10669)


Started GET "/login" for ::1 at 2022-05-28 11:30:07 +0900
Processing by SessionsController#new as HTML
  [1m[36mEmployee Load (0.6ms)[0m  [1m[34mSELECT "employees".* FROM "employees" WHERE "employees"."id" IS NULL LIMIT ?[0m  [["LIMIT", 1]]
  ↳ app/helpers/sessions_helper.rb:7:in `current_user'
  Rendering layout layouts/application.html.erb
  Rendering sessions/new.html.erb within layouts/application
  Rendered sessions/new.html.erb within layouts/application (Duration: 272.1ms | Allocations: 5294)
[Webpacker] Compiling...
[Webpacker] Compilation failed:
yarn run v1.22.15
info Visit https://yarnpkg.com/en/docs/cli/run for documentation about this command.


error Command "webpack" not found.

  Rendered layout layouts/application.html.erb (Duration: 2350.0ms | Allocations: 30463)
Completed 500 Internal Server Error in 2365ms (ActiveRecord: 0.6ms | Allocations: 32680)


  
ActionView::Template::Error (Webpacker can't find application.js in /Users/naganorioto/engineer-skill-check/public/packs/manifest.json. Possible causes:
1. You want to set webpacker.yml value of compile to true for your environment
   unless you are using the `webpack -w` or the webpack-dev-server.
2. webpack has not yet re-run to reflect updates.
3. You have misconfigured Webpacker's config/webpacker.yml file.
4. Your webpack configuration is not creating a manifest.
Your manifest contains:
{
}
):
     7:     <%= csp_meta_tag %>
     8: 
     9:     <%= stylesheet_link_tag 'application', media: 'all' %>
    10:     <%= javascript_pack_tag 'application' %>
    11:   </head>
    12:   <body>
    13:     <% if logged_in? %>
  
app/views/layouts/application.html.erb:10
Started GET "/login" for ::1 at 2022-05-28 11:30:37 +0900
  [1m[35m (0.9ms)[0m  [1m[34mSELECT sqlite_version(*)[0m
  [1m[35m (0.1ms)[0m  [1m[34mSELECT "schema_migrations"."version" FROM "schema_migrations" ORDER BY "schema_migrations"."version" ASC[0m
Processing by SessionsController#new as HTML
  [1m[36mEmployee Load (0.2ms)[0m  [1m[34mSELECT "employees".* FROM "employees" WHERE "employees"."id" IS NULL LIMIT ?[0m  [["LIMIT", 1]]
  ↳ app/helpers/sessions_helper.rb:7:in `current_user'
  Rendering layout layouts/application.html.erb
  Rendering sessions/new.html.erb within layouts/application
  Rendered sessions/new.html.erb within layouts/application (Duration: 24.7ms | Allocations: 3134)
[Webpacker] Compiling...
[Webpacker] Compilation failed:
yarn run v1.22.15
info Visit https://yarnpkg.com/en/docs/cli/run for documentation about this command.


error Command "webpack" not found.

  Rendered layout layouts/application.html.erb (Duration: 1644.8ms | Allocations: 12537)
Completed 500 Internal Server Error in 1681ms (ActiveRecord: 0.6ms | Allocations: 21525)


  
ActionView::Template::Error (Webpacker can't find application.js in /Users/naganorioto/engineer-skill-check/public/packs/manifest.json. Possible causes:
1. You want to set webpacker.yml value of compile to true for your environment
   unless you are using the `webpack -w` or the webpack-dev-server.
2. webpack has not yet re-run to reflect updates.
3. You have misconfigured Webpacker's config/webpacker.yml file.
4. Your webpack configuration is not creating a manifest.
Your manifest contains:
{
}
):
     7:     <%= csp_meta_tag %>
     8: 
     9:     <%= stylesheet_link_tag 'application', media: 'all' %>
    10:     <%= javascript_pack_tag 'application' %>
    11:   </head>
    12:   <body>
    13:     <% if logged_in? %>
  
app/views/layouts/application.html.erb:10
Started GET "/login" for ::1 at 2022-05-28 11:42:03 +0900
Processing by SessionsController#new as HTML
  [1m[35m (0.1ms)[0m  [1m[34mSELECT sqlite_version(*)[0m
  ↳ app/helpers/sessions_helper.rb:7:in `current_user'
  [1m[36mEmployee Load (0.3ms)[0m  [1m[34mSELECT "employees".* FROM "employees" WHERE "employees"."id" IS NULL LIMIT ?[0m  [["LIMIT", 1]]
  ↳ app/helpers/sessions_helper.rb:7:in `current_user'
  Rendering layout layouts/application.html.erb
  Rendering sessions/new.html.erb within layouts/application
  Rendered sessions/new.html.erb within layouts/application (Duration: 1.1ms | Allocations: 535)
[Webpacker] Compiling...
[Webpacker] Compilation failed:
yarn run v1.22.15
info Visit https://yarnpkg.com/en/docs/cli/run for documentation about this command.


error Command "webpack" not found.

  Rendered layout layouts/application.html.erb (Duration: 1397.6ms | Allocations: 5866)
Completed 500 Internal Server Error in 1406ms (ActiveRecord: 0.7ms | Allocations: 7859)


  
ActionView::Template::Error (Webpacker can't find application.js in /Users/naganorioto/engineer-skill-check/public/packs/manifest.json. Possible causes:
1. You want to set webpacker.yml value of compile to true for your environment
   unless you are using the `webpack -w` or the webpack-dev-server.
2. webpack has not yet re-run to reflect updates.
3. You have misconfigured Webpacker's config/webpacker.yml file.
4. Your webpack configuration is not creating a manifest.
Your manifest contains:
{
}
):
     7:     <%= csp_meta_tag %>
     8: 
     9:     <%= stylesheet_link_tag 'application', media: 'all' %>
    10:     <%= javascript_pack_tag 'application' %>
    11:   </head>
    12:   <body>
    13:     <% if logged_in? %>
  
app/views/layouts/application.html.erb:10
  [1m[35m (2.7ms)[0m  [1m[34mSELECT sqlite_version(*)[0m
  [1m[35m (3.1ms)[0m  [1m[34mSELECT "schema_migrations"."version" FROM "schema_migrations" ORDER BY "schema_migrations"."version" ASC[0m
  [1m[35m (0.7ms)[0m  [1m[34mSELECT sqlite_version(*)[0m
  [1m[35m (7.4ms)[0m  [1m[34mSELECT "schema_migrations"."version" FROM "schema_migrations" ORDER BY "schema_migrations"."version" ASC[0m
  [1m[35m (0.5ms)[0m  [1m[34mSELECT "ar_internal_metadata"."value" FROM "ar_internal_metadata" WHERE "ar_internal_metadata"."key" = ?[0m  [["key", "environment"]]
  [1m[35m (0.1ms)[0m  [1m[34mSELECT "schema_migrations"."version" FROM "schema_migrations" ORDER BY "schema_migrations"."version" ASC[0m
  [1m[35m (0.1ms)[0m  [1m[34mSELECT "ar_internal_metadata"."value" FROM "ar_internal_metadata" WHERE "ar_internal_metadata"."key" = ?[0m  [["key", "environment"]]
  [1m[35m (0.1ms)[0m  [1m[34mSELECT "schema_migrations"."version" FROM "schema_migrations" ORDER BY "schema_migrations"."version" ASC[0m
  [1m[35m (0.1ms)[0m  [1m[34mSELECT "ar_internal_metadata"."value" FROM "ar_internal_metadata" WHERE "ar_internal_metadata"."key" = ?[0m  [["key", "environment"]]
  [1m[35m (0.1ms)[0m  [1m[34mSELECT sqlite_version(*)[0m
  [1m[35m (0.1ms)[0m  [1m[34mSELECT sqlite_version(*)[0m
  [1m[35m (2.5ms)[0m  [1m[35mCREATE TABLE "schema_migrations" ("version" varchar NOT NULL PRIMARY KEY)[0m
  [1m[35m (2.0ms)[0m  [1m[35mCREATE TABLE "ar_internal_metadata" ("key" varchar NOT NULL PRIMARY KEY, "value" varchar, "created_at" datetime(6) NOT NULL, "updated_at" datetime(6) NOT NULL)[0m
  [1m[35m (0.3ms)[0m  [1m[34mSELECT "schema_migrations"."version" FROM "schema_migrations" ORDER BY "schema_migrations"."version" ASC[0m
Migrating to CreateDepartments (20211020103118)
  [1m[36mTRANSACTION (0.1ms)[0m  [1m[36mbegin transaction[0m
  [1m[35m (1.1ms)[0m  [1m[35mCREATE TABLE "departments" ("id" integer PRIMARY KEY AUTOINCREMENT NOT NULL, "name" varchar NOT NULL, "deleted_at" datetime DEFAULT NULL, "created_at" datetime(6) NOT NULL, "updated_at" datetime(6) NOT NULL)[0m
  [1m[36mActiveRecord::SchemaMigration Create (1.8ms)[0m  [1m[32mINSERT INTO "schema_migrations" ("version") VALUES (?)[0m  [["version", "20211020103118"]]
  [1m[36mTRANSACTION (1.1ms)[0m  [1m[36mcommit transaction[0m
Migrating to CreateOffices (20211020103151)
  [1m[36mTRANSACTION (0.1ms)[0m  [1m[36mbegin transaction[0m
  [1m[35m (1.2ms)[0m  [1m[35mCREATE TABLE "offices" ("id" integer PRIMARY KEY AUTOINCREMENT NOT NULL, "name" varchar NOT NULL, "deleted_at" datetime DEFAULT NULL, "created_at" datetime(6) NOT NULL, "updated_at" datetime(6) NOT NULL)[0m
  [1m[36mActiveRecord::SchemaMigration Create (0.2ms)[0m  [1m[32mINSERT INTO "schema_migrations" ("version") VALUES (?)[0m  [["version", "20211020103151"]]
  [1m[36mTRANSACTION (1.8ms)[0m  [1m[36mcommit transaction[0m
Migrating to CreateEmployees (20211020103241)
  [1m[36mTRANSACTION (0.1ms)[0m  [1m[36mbegin transaction[0m
  [1m[35m (0.5ms)[0m  [1m[35mCREATE TABLE "employees" ("id" integer PRIMARY KEY AUTOINCREMENT NOT NULL, "department_id" integer NOT NULL, "office_id" integer NOT NULL, "number" varchar NOT NULL, "last_name" varchar NOT NULL, "first_name" varchar NOT NULL, "account" varchar NOT NULL, "password" varchar NOT NULL, "email" varchar NOT NULL, "date_of_joining" date NOT NULL, "employee_info_manage_auth" boolean DEFAULT 0 NOT NULL, "deleted_at" datetime DEFAULT NULL, "created_at" datetime(6) NOT NULL, "updated_at" datetime(6) NOT NULL)[0m
  [1m[35m (0.3ms)[0m  [1m[35mCREATE INDEX "index_employees_on_department_id" ON "employees" ("department_id")[0m
  [1m[35m (0.2ms)[0m  [1m[35mCREATE INDEX "index_employees_on_office_id" ON "employees" ("office_id")[0m
  [1m[35m (0.0ms)[0m  [1m[35mPRAGMA foreign_keys[0m
  [1m[35m (0.2ms)[0m  [1m[35mPRAGMA defer_foreign_keys[0m
  [1m[35m (0.1ms)[0m  [1m[35mPRAGMA defer_foreign_keys = ON[0m
  [1m[35m (0.1ms)[0m  [1m[35mPRAGMA foreign_keys = OFF[0m
  [1m[35m (0.2ms)[0m  [1m[35mCREATE TEMPORARY TABLE "aemployees" ("id" integer NOT NULL PRIMARY KEY, "department_id" integer NOT NULL, "office_id" integer NOT NULL, "number" varchar NOT NULL, "last_name" varchar NOT NULL, "first_name" varchar NOT NULL, "account" varchar NOT NULL, "password" varchar NOT NULL, "email" varchar NOT NULL, "date_of_joining" date NOT NULL, "employee_info_manage_auth" boolean DEFAULT 0 NOT NULL, "deleted_at" datetime DEFAULT NULL, "created_at" datetime(6) NOT NULL, "updated_at" datetime(6) NOT NULL)[0m
  [1m[35m (0.1ms)[0m  [1m[35mCREATE INDEX "tindex_aemployees_on_office_id" ON "aemployees" ("office_id")[0m
  [1m[35m (0.3ms)[0m  [1m[35mCREATE INDEX "tindex_aemployees_on_department_id" ON "aemployees" ("department_id")[0m
  [1m[35m (0.2ms)[0m  [1m[32mINSERT INTO "aemployees" ("id","department_id","office_id","number","last_name","first_name","account","password","email","date_of_joining","employee_info_manage_auth","deleted_at","created_at","updated_at")
                     SELECT "id","department_id","office_id","number","last_name","first_name","account","password","email","date_of_joining","employee_info_manage_auth","deleted_at","created_at","updated_at" FROM "employees"[0m
  [1m[35m (0.4ms)[0m  [1m[35mDROP TABLE "employees"[0m
  [1m[35m (0.2ms)[0m  [1m[35mCREATE TABLE "employees" ("id" integer NOT NULL PRIMARY KEY, "department_id" integer NOT NULL, "office_id" integer NOT NULL, "number" varchar NOT NULL, "last_name" varchar NOT NULL, "first_name" varchar NOT NULL, "account" varchar NOT NULL, "password" varchar NOT NULL, "email" varchar NOT NULL, "date_of_joining" date NOT NULL, "employee_info_manage_auth" boolean DEFAULT 0 NOT NULL, "deleted_at" datetime DEFAULT NULL, "created_at" datetime(6) NOT NULL, "updated_at" datetime(6) NOT NULL, CONSTRAINT "fk_rails_0025f65a97"
FOREIGN KEY ("department_id")
  REFERENCES "departments" ("id")
)[0m
  [1m[35m (0.1ms)[0m  [1m[35mCREATE INDEX "index_employees_on_department_id" ON "employees" ("department_id")[0m
  [1m[35m (0.1ms)[0m  [1m[35mCREATE INDEX "index_employees_on_office_id" ON "employees" ("office_id")[0m
  [1m[35m (0.1ms)[0m  [1m[32mINSERT INTO "employees" ("id","department_id","office_id","number","last_name","first_name","account","password","email","date_of_joining","employee_info_manage_auth","deleted_at","created_at","updated_at")
                     SELECT "id","department_id","office_id","number","last_name","first_name","account","password","email","date_of_joining","employee_info_manage_auth","deleted_at","created_at","updated_at" FROM "aemployees"[0m
  [1m[35m (0.1ms)[0m  [1m[35mDROP TABLE "aemployees"[0m
  [1m[35m (0.1ms)[0m  [1m[35mPRAGMA defer_foreign_keys = 0[0m
  [1m[35m (0.1ms)[0m  [1m[35mPRAGMA foreign_keys = 1[0m
  [1m[35m (0.0ms)[0m  [1m[35mPRAGMA foreign_keys[0m
  [1m[35m (0.0ms)[0m  [1m[35mPRAGMA defer_foreign_keys[0m
  [1m[35m (0.1ms)[0m  [1m[35mPRAGMA defer_foreign_keys = ON[0m
  [1m[35m (0.1ms)[0m  [1m[35mPRAGMA foreign_keys = OFF[0m
  [1m[35m (0.1ms)[0m  [1m[35mCREATE TEMPORARY TABLE "aemployees" ("id" integer NOT NULL PRIMARY KEY, "department_id" integer NOT NULL, "office_id" integer NOT NULL, "number" varchar NOT NULL, "last_name" varchar NOT NULL, "first_name" varchar NOT NULL, "account" varchar NOT NULL, "password" varchar NOT NULL, "email" varchar NOT NULL, "date_of_joining" date NOT NULL, "employee_info_manage_auth" boolean DEFAULT 0 NOT NULL, "deleted_at" datetime DEFAULT NULL, "created_at" datetime(6) NOT NULL, "updated_at" datetime(6) NOT NULL)[0m
  [1m[35m (0.1ms)[0m  [1m[35mCREATE INDEX "tindex_aemployees_on_office_id" ON "aemployees" ("office_id")[0m
  [1m[35m (0.1ms)[0m  [1m[35mCREATE INDEX "tindex_aemployees_on_department_id" ON "aemployees" ("department_id")[0m
  [1m[35m (0.1ms)[0m  [1m[32mINSERT INTO "aemployees" ("id","department_id","office_id","number","last_name","first_name","account","password","email","date_of_joining","employee_info_manage_auth","deleted_at","created_at","updated_at")
                     SELECT "id","department_id","office_id","number","last_name","first_name","account","password","email","date_of_joining","employee_info_manage_auth","deleted_at","created_at","updated_at" FROM "employees"[0m
  [1m[35m (0.1ms)[0m  [1m[35mDROP TABLE "employees"[0m
  [1m[35m (0.2ms)[0m  [1m[35mCREATE TABLE "employees" ("id" integer NOT NULL PRIMARY KEY, "department_id" integer NOT NULL, "office_id" integer NOT NULL, "number" varchar NOT NULL, "last_name" varchar NOT NULL, "first_name" varchar NOT NULL, "account" varchar NOT NULL, "password" varchar NOT NULL, "email" varchar NOT NULL, "date_of_joining" date NOT NULL, "employee_info_manage_auth" boolean DEFAULT 0 NOT NULL, "deleted_at" datetime DEFAULT NULL, "created_at" datetime(6) NOT NULL, "updated_at" datetime(6) NOT NULL, CONSTRAINT "fk_rails_0025f65a97"
FOREIGN KEY ("department_id")
  REFERENCES "departments" ("id")
, CONSTRAINT "fk_rails_e87ac712d3"
FOREIGN KEY ("office_id")
  REFERENCES "offices" ("id")
)[0m
  [1m[35m (0.1ms)[0m  [1m[35mCREATE INDEX "index_employees_on_department_id" ON "employees" ("department_id")[0m
  [1m[35m (0.1ms)[0m  [1m[35mCREATE INDEX "index_employees_on_office_id" ON "employees" ("office_id")[0m
  [1m[35m (0.1ms)[0m  [1m[32mINSERT INTO "employees" ("id","department_id","office_id","number","last_name","first_name","account","password","email","date_of_joining","employee_info_manage_auth","deleted_at","created_at","updated_at")
                     SELECT "id","department_id","office_id","number","last_name","first_name","account","password","email","date_of_joining","employee_info_manage_auth","deleted_at","created_at","updated_at" FROM "aemployees"[0m
  [1m[35m (2.6ms)[0m  [1m[35mDROP TABLE "aemployees"[0m
  [1m[35m (0.1ms)[0m  [1m[35mPRAGMA defer_foreign_keys = 0[0m
  [1m[35m (0.1ms)[0m  [1m[35mPRAGMA foreign_keys = 1[0m
  [1m[36mActiveRecord::SchemaMigration Create (0.5ms)[0m  [1m[32mINSERT INTO "schema_migrations" ("version") VALUES (?)[0m  [["version", "20211020103241"]]
  [1m[36mTRANSACTION (1.8ms)[0m  [1m[36mcommit transaction[0m
Migrating to CreateProfiles (20211020112406)
  [1m[36mTRANSACTION (0.1ms)[0m  [1m[36mbegin transaction[0m
  [1m[35m (1.4ms)[0m  [1m[35mCREATE TABLE "profiles" ("id" integer PRIMARY KEY AUTOINCREMENT NOT NULL, "employee_id" integer NOT NULL, "profile" text NOT NULL, "deleted_at" datetime DEFAULT NULL, "created_at" datetime(6) NOT NULL, "updated_at" datetime(6) NOT NULL)[0m
  [1m[35m (0.3ms)[0m  [1m[35mCREATE INDEX "index_profiles_on_employee_id" ON "profiles" ("employee_id")[0m
  [1m[35m (0.1ms)[0m  [1m[35mPRAGMA foreign_keys[0m
  [1m[35m (0.1ms)[0m  [1m[35mPRAGMA defer_foreign_keys[0m
  [1m[35m (0.1ms)[0m  [1m[35mPRAGMA defer_foreign_keys = ON[0m
  [1m[35m (0.1ms)[0m  [1m[35mPRAGMA foreign_keys = OFF[0m
  [1m[35m (0.1ms)[0m  [1m[35mCREATE TEMPORARY TABLE "aprofiles" ("id" integer NOT NULL PRIMARY KEY, "employee_id" integer NOT NULL, "profile" text NOT NULL, "deleted_at" datetime DEFAULT NULL, "created_at" datetime(6) NOT NULL, "updated_at" datetime(6) NOT NULL)[0m
  [1m[35m (0.6ms)[0m  [1m[35mCREATE INDEX "tindex_aprofiles_on_employee_id" ON "aprofiles" ("employee_id")[0m
  [1m[35m (0.1ms)[0m  [1m[32mINSERT INTO "aprofiles" ("id","employee_id","profile","deleted_at","created_at","updated_at")
                     SELECT "id","employee_id","profile","deleted_at","created_at","updated_at" FROM "profiles"[0m
  [1m[35m (0.1ms)[0m  [1m[35mDROP TABLE "profiles"[0m
  [1m[35m (0.3ms)[0m  [1m[35mCREATE TABLE "profiles" ("id" integer NOT NULL PRIMARY KEY, "employee_id" integer NOT NULL, "profile" text NOT NULL, "deleted_at" datetime DEFAULT NULL, "created_at" datetime(6) NOT NULL, "updated_at" datetime(6) NOT NULL, CONSTRAINT "fk_rails_3b84e63c66"
FOREIGN KEY ("employee_id")
  REFERENCES "employees" ("id")
)[0m
  [1m[35m (0.2ms)[0m  [1m[35mCREATE INDEX "index_profiles_on_employee_id" ON "profiles" ("employee_id")[0m
  [1m[35m (0.1ms)[0m  [1m[32mINSERT INTO "profiles" ("id","employee_id","profile","deleted_at","created_at","updated_at")
                     SELECT "id","employee_id","profile","deleted_at","created_at","updated_at" FROM "aprofiles"[0m
  [1m[35m (0.2ms)[0m  [1m[35mDROP TABLE "aprofiles"[0m
  [1m[35m (0.1ms)[0m  [1m[35mPRAGMA defer_foreign_keys = 0[0m
  [1m[35m (0.1ms)[0m  [1m[35mPRAGMA foreign_keys = 1[0m
  [1m[36mActiveRecord::SchemaMigration Create (0.2ms)[0m  [1m[32mINSERT INTO "schema_migrations" ("version") VALUES (?)[0m  [["version", "20211020112406"]]
  [1m[36mTRANSACTION (2.2ms)[0m  [1m[36mcommit transaction[0m
  [1m[36mActiveRecord::InternalMetadata Load (0.2ms)[0m  [1m[34mSELECT "ar_internal_metadata".* FROM "ar_internal_metadata" WHERE "ar_internal_metadata"."key" = ? LIMIT ?[0m  [["key", "environment"], ["LIMIT", 1]]
  [1m[36mTRANSACTION (0.2ms)[0m  [1m[36mbegin transaction[0m
  [1m[36mActiveRecord::InternalMetadata Create (2.6ms)[0m  [1m[32mINSERT INTO "ar_internal_metadata" ("key", "value", "created_at", "updated_at") VALUES (?, ?, ?, ?)[0m  [["key", "environment"], ["value", "development"], ["created_at", "2022-05-28 02:43:58.839714"], ["updated_at", "2022-05-28 02:43:58.839714"]]
  [1m[36mTRANSACTION (1.5ms)[0m  [1m[36mcommit transaction[0m
  [1m[35m (0.1ms)[0m  [1m[34mSELECT sqlite_version(*)[0m
  [1m[35m (0.1ms)[0m  [1m[34mSELECT "schema_migrations"."version" FROM "schema_migrations" ORDER BY "schema_migrations"."version" ASC[0m
  [1m[35m (0.4ms)[0m  [1m[34mSELECT sqlite_version(*)[0m
  [1m[35m (0.1ms)[0m  [1m[34mSELECT "schema_migrations"."version" FROM "schema_migrations" ORDER BY "schema_migrations"."version" ASC[0m
  [1m[35m (0.1ms)[0m  [1m[34mSELECT "schema_migrations"."version" FROM "schema_migrations" ORDER BY "schema_migrations"."version" ASC[0m
  [1m[35m (0.1ms)[0m  [1m[34mSELECT "schema_migrations"."version" FROM "schema_migrations" ORDER BY "schema_migrations"."version" ASC[0m
  [1m[35m (0.1ms)[0m  [1m[34mSELECT "schema_migrations"."version" FROM "schema_migrations" ORDER BY "schema_migrations"."version" ASC[0m
Migrating to CreateProfiles (20211020112406)
  [1m[36mTRANSACTION (0.1ms)[0m  [1m[36mbegin transaction[0m
  [1m[35m (0.0ms)[0m  [1m[35mPRAGMA foreign_keys[0m
  [1m[35m (0.0ms)[0m  [1m[35mPRAGMA defer_foreign_keys[0m
  [1m[35m (0.0ms)[0m  [1m[35mPRAGMA defer_foreign_keys = ON[0m
  [1m[35m (0.0ms)[0m  [1m[35mPRAGMA foreign_keys = OFF[0m
  [1m[35m (0.3ms)[0m  [1m[35mCREATE TEMPORARY TABLE "aprofiles" ("id" integer NOT NULL PRIMARY KEY, "employee_id" integer NOT NULL, "profile" text NOT NULL, "deleted_at" datetime DEFAULT NULL, "created_at" datetime(6) NOT NULL, "updated_at" datetime(6) NOT NULL)[0m
  [1m[35m (0.1ms)[0m  [1m[35mCREATE INDEX "tindex_aprofiles_on_employee_id" ON "aprofiles" ("employee_id")[0m
  [1m[35m (0.1ms)[0m  [1m[32mINSERT INTO "aprofiles" ("id","employee_id","profile","deleted_at","created_at","updated_at")
                     SELECT "id","employee_id","profile","deleted_at","created_at","updated_at" FROM "profiles"[0m
  [1m[35m (0.5ms)[0m  [1m[35mDROP TABLE "profiles"[0m
  [1m[35m (0.1ms)[0m  [1m[35mCREATE TABLE "profiles" ("id" integer NOT NULL PRIMARY KEY, "employee_id" integer NOT NULL, "profile" text NOT NULL, "deleted_at" datetime DEFAULT NULL, "created_at" datetime(6) NOT NULL, "updated_at" datetime(6) NOT NULL)[0m
  [1m[35m (0.1ms)[0m  [1m[35mCREATE INDEX "index_profiles_on_employee_id" ON "profiles" ("employee_id")[0m
  [1m[35m (0.1ms)[0m  [1m[32mINSERT INTO "profiles" ("id","employee_id","profile","deleted_at","created_at","updated_at")
                     SELECT "id","employee_id","profile","deleted_at","created_at","updated_at" FROM "aprofiles"[0m
  [1m[35m (0.1ms)[0m  [1m[35mDROP TABLE "aprofiles"[0m
  [1m[35m (0.0ms)[0m  [1m[35mPRAGMA defer_foreign_keys = 0[0m
  [1m[35m (0.0ms)[0m  [1m[35mPRAGMA foreign_keys = 1[0m
  [1m[35m (0.1ms)[0m  [1m[35mDROP TABLE "profiles"[0m
  [1m[36mActiveRecord::SchemaMigration Destroy (0.2ms)[0m  [1m[31mDELETE FROM "schema_migrations" WHERE "schema_migrations"."version" = ?[0m  [["version", "20211020112406"]]
  [1m[36mTRANSACTION (1.0ms)[0m  [1m[36mcommit transaction[0m
  [1m[35m (0.1ms)[0m  [1m[34mSELECT sqlite_version(*)[0m
  [1m[35m (0.1ms)[0m  [1m[34mSELECT "schema_migrations"."version" FROM "schema_migrations" ORDER BY "schema_migrations"."version" ASC[0m
Started GET "/login" for ::1 at 2022-05-28 11:44:23 +0900
Processing by SessionsController#new as HTML
  [1m[35m (0.1ms)[0m  [1m[34mSELECT sqlite_version(*)[0m
  ↳ app/helpers/sessions_helper.rb:7:in `current_user'
  [1m[36mEmployee Load (0.2ms)[0m  [1m[34mSELECT "employees".* FROM "employees" WHERE "employees"."id" IS NULL LIMIT ?[0m  [["LIMIT", 1]]
  ↳ app/helpers/sessions_helper.rb:7:in `current_user'
  Rendering layout layouts/application.html.erb
  Rendering sessions/new.html.erb within layouts/application
  Rendered sessions/new.html.erb within layouts/application (Duration: 1.3ms | Allocations: 620)
[Webpacker] Compiling...
[Webpacker] Compilation failed:
yarn run v1.22.15
info Visit https://yarnpkg.com/en/docs/cli/run for documentation about this command.


error Command "webpack" not found.

  Rendered layout layouts/application.html.erb (Duration: 1500.2ms | Allocations: 6016)
Completed 500 Internal Server Error in 1514ms (ActiveRecord: 1.2ms | Allocations: 11037)


  
ActionView::Template::Error (Webpacker can't find application.js in /Users/naganorioto/engineer-skill-check/public/packs/manifest.json. Possible causes:
1. You want to set webpacker.yml value of compile to true for your environment
   unless you are using the `webpack -w` or the webpack-dev-server.
2. webpack has not yet re-run to reflect updates.
3. You have misconfigured Webpacker's config/webpacker.yml file.
4. Your webpack configuration is not creating a manifest.
Your manifest contains:
{
}
):
     7:     <%= csp_meta_tag %>
     8: 
     9:     <%= stylesheet_link_tag 'application', media: 'all' %>
    10:     <%= javascript_pack_tag 'application' %>
    11:   </head>
    12:   <body>
    13:     <% if logged_in? %>
  
app/views/layouts/application.html.erb:10
  [1m[35m (0.6ms)[0m  [1m[34mSELECT sqlite_version(*)[0m
  [1m[35m (0.1ms)[0m  [1m[34mSELECT "schema_migrations"."version" FROM "schema_migrations" ORDER BY "schema_migrations"."version" ASC[0m
Migrating to CreateProfiles (20211020112406)
  [1m[36mTRANSACTION (0.1ms)[0m  [1m[36mbegin transaction[0m
  [1m[35m (0.5ms)[0m  [1m[35mCREATE TABLE "profiles" ("id" integer PRIMARY KEY AUTOINCREMENT NOT NULL, "employee_id" integer NOT NULL, "profile" text NOT NULL, "deleted_at" datetime DEFAULT NULL, "created_at" datetime(6) NOT NULL, "updated_at" datetime(6) NOT NULL)[0m
  [1m[35m (0.2ms)[0m  [1m[35mCREATE INDEX "index_profiles_on_employee_id" ON "profiles" ("employee_id")[0m
  [1m[35m (0.0ms)[0m  [1m[35mPRAGMA foreign_keys[0m
  [1m[35m (0.1ms)[0m  [1m[35mPRAGMA defer_foreign_keys[0m
  [1m[35m (0.0ms)[0m  [1m[35mPRAGMA defer_foreign_keys = ON[0m
  [1m[35m (0.0ms)[0m  [1m[35mPRAGMA foreign_keys = OFF[0m
  [1m[35m (0.2ms)[0m  [1m[35mCREATE TEMPORARY TABLE "aprofiles" ("id" integer NOT NULL PRIMARY KEY, "employee_id" integer NOT NULL, "profile" text NOT NULL, "deleted_at" datetime DEFAULT NULL, "created_at" datetime(6) NOT NULL, "updated_at" datetime(6) NOT NULL)[0m
  [1m[35m (0.2ms)[0m  [1m[35mCREATE INDEX "tindex_aprofiles_on_employee_id" ON "aprofiles" ("employee_id")[0m
  [1m[35m (0.1ms)[0m  [1m[32mINSERT INTO "aprofiles" ("id","employee_id","profile","deleted_at","created_at","updated_at")
                     SELECT "id","employee_id","profile","deleted_at","created_at","updated_at" FROM "profiles"[0m
  [1m[35m (0.8ms)[0m  [1m[35mDROP TABLE "profiles"[0m
  [1m[35m (0.4ms)[0m  [1m[35mCREATE TABLE "profiles" ("id" integer NOT NULL PRIMARY KEY, "employee_id" integer NOT NULL, "profile" text NOT NULL, "deleted_at" datetime DEFAULT NULL, "created_at" datetime(6) NOT NULL, "updated_at" datetime(6) NOT NULL, CONSTRAINT "fk_rails_3b84e63c66"
FOREIGN KEY ("employee_id")
  REFERENCES "employees" ("id")
)[0m
  [1m[35m (0.2ms)[0m  [1m[35mCREATE INDEX "index_profiles_on_employee_id" ON "profiles" ("employee_id")[0m
  [1m[35m (0.1ms)[0m  [1m[32mINSERT INTO "profiles" ("id","employee_id","profile","deleted_at","created_at","updated_at")
                     SELECT "id","employee_id","profile","deleted_at","created_at","updated_at" FROM "aprofiles"[0m
  [1m[35m (0.3ms)[0m  [1m[35mDROP TABLE "aprofiles"[0m
  [1m[35m (0.8ms)[0m  [1m[35mPRAGMA defer_foreign_keys = 0[0m
  [1m[35m (0.1ms)[0m  [1m[35mPRAGMA foreign_keys = 1[0m
  [1m[36mActiveRecord::SchemaMigration Create (0.3ms)[0m  [1m[32mINSERT INTO "schema_migrations" ("version") VALUES (?)[0m  [["version", "20211020112406"]]
  [1m[36mTRANSACTION (1.2ms)[0m  [1m[36mcommit transaction[0m
  [1m[36mActiveRecord::InternalMetadata Load (0.2ms)[0m  [1m[34mSELECT "ar_internal_metadata".* FROM "ar_internal_metadata" WHERE "ar_internal_metadata"."key" = ? LIMIT ?[0m  [["key", "environment"], ["LIMIT", 1]]
  [1m[35m (0.1ms)[0m  [1m[34mSELECT sqlite_version(*)[0m
  [1m[35m (0.2ms)[0m  [1m[34mSELECT "schema_migrations"."version" FROM "schema_migrations" ORDER BY "schema_migrations"."version" ASC[0m
Started GET "/login" for ::1 at 2022-05-28 11:44:35 +0900
Processing by SessionsController#new as HTML
  [1m[35m (0.1ms)[0m  [1m[34mSELECT sqlite_version(*)[0m
  ↳ app/helpers/sessions_helper.rb:7:in `current_user'
  [1m[36mEmployee Load (0.8ms)[0m  [1m[34mSELECT "employees".* FROM "employees" WHERE "employees"."id" IS NULL LIMIT ?[0m  [["LIMIT", 1]]
  ↳ app/helpers/sessions_helper.rb:7:in `current_user'
  Rendering layout layouts/application.html.erb
  Rendering sessions/new.html.erb within layouts/application
  Rendered sessions/new.html.erb within layouts/application (Duration: 1.3ms | Allocations: 620)
[Webpacker] Compiling...
[Webpacker] Compilation failed:
yarn run v1.22.15
info Visit https://yarnpkg.com/en/docs/cli/run for documentation about this command.


error Command "webpack" not found.

  Rendered layout layouts/application.html.erb (Duration: 887.2ms | Allocations: 6036)
Completed 500 Internal Server Error in 906ms (ActiveRecord: 2.1ms | Allocations: 11045)


  
ActionView::Template::Error (Webpacker can't find application.js in /Users/naganorioto/engineer-skill-check/public/packs/manifest.json. Possible causes:
1. You want to set webpacker.yml value of compile to true for your environment
   unless you are using the `webpack -w` or the webpack-dev-server.
2. webpack has not yet re-run to reflect updates.
3. You have misconfigured Webpacker's config/webpacker.yml file.
4. Your webpack configuration is not creating a manifest.
Your manifest contains:
{
}
):
     7:     <%= csp_meta_tag %>
     8: 
     9:     <%= stylesheet_link_tag 'application', media: 'all' %>
    10:     <%= javascript_pack_tag 'application' %>
    11:   </head>
    12:   <body>
    13:     <% if logged_in? %>
  
app/views/layouts/application.html.erb:10
Started GET "/login" for ::1 at 2022-05-28 11:44:53 +0900
  [1m[35m (0.5ms)[0m  [1m[34mSELECT sqlite_version(*)[0m
  [1m[35m (0.1ms)[0m  [1m[34mSELECT "schema_migrations"."version" FROM "schema_migrations" ORDER BY "schema_migrations"."version" ASC[0m
Processing by SessionsController#new as HTML
  [1m[36mEmployee Load (0.1ms)[0m  [1m[34mSELECT "employees".* FROM "employees" WHERE "employees"."id" IS NULL LIMIT ?[0m  [["LIMIT", 1]]
  ↳ app/helpers/sessions_helper.rb:7:in `current_user'
  Rendering layout layouts/application.html.erb
  Rendering sessions/new.html.erb within layouts/application
  Rendered sessions/new.html.erb within layouts/application (Duration: 11.9ms | Allocations: 3134)
[Webpacker] Compiling...
[Webpacker] Compilation failed:
yarn run v1.22.15
info Visit https://yarnpkg.com/en/docs/cli/run for documentation about this command.


error Command "webpack" not found.

  Rendered layout layouts/application.html.erb (Duration: 945.4ms | Allocations: 12526)
Completed 500 Internal Server Error in 977ms (ActiveRecord: 0.4ms | Allocations: 21296)


  
ActionView::Template::Error (Webpacker can't find application.js in /Users/naganorioto/engineer-skill-check/public/packs/manifest.json. Possible causes:
1. You want to set webpacker.yml value of compile to true for your environment
   unless you are using the `webpack -w` or the webpack-dev-server.
2. webpack has not yet re-run to reflect updates.
3. You have misconfigured Webpacker's config/webpacker.yml file.
4. Your webpack configuration is not creating a manifest.
Your manifest contains:
{
}
):
     7:     <%= csp_meta_tag %>
     8: 
     9:     <%= stylesheet_link_tag 'application', media: 'all' %>
    10:     <%= javascript_pack_tag 'application' %>
    11:   </head>
    12:   <body>
    13:     <% if logged_in? %>
  
app/views/layouts/application.html.erb:10
Started GET "/login" for ::1 at 2022-05-28 11:46:18 +0900
Processing by SessionsController#new as HTML
  [1m[36mEmployee Load (0.3ms)[0m  [1m[34mSELECT "employees".* FROM "employees" WHERE "employees"."id" IS NULL LIMIT ?[0m  [["LIMIT", 1]]
  ↳ app/helpers/sessions_helper.rb:7:in `current_user'
  Rendering layout layouts/application.html.erb
  Rendering sessions/new.html.erb within layouts/application
  Rendered sessions/new.html.erb within layouts/application (Duration: 2.0ms | Allocations: 535)
[Webpacker] Compiling...
[Webpacker] Compilation failed:
yarn run v1.22.15
info Visit https://yarnpkg.com/en/docs/cli/run for documentation about this command.


error Command "webpack" not found.

  Rendered layout layouts/application.html.erb (Duration: 937.0ms | Allocations: 5868)
Completed 500 Internal Server Error in 944ms (ActiveRecord: 0.3ms | Allocations: 7105)


  
ActionView::Template::Error (Webpacker can't find application.js in /Users/naganorioto/engineer-skill-check/public/packs/manifest.json. Possible causes:
1. You want to set webpacker.yml value of compile to true for your environment
   unless you are using the `webpack -w` or the webpack-dev-server.
2. webpack has not yet re-run to reflect updates.
3. You have misconfigured Webpacker's config/webpacker.yml file.
4. Your webpack configuration is not creating a manifest.
Your manifest contains:
{
}
):
     7:     <%= csp_meta_tag %>
     8: 
     9:     <%= stylesheet_link_tag 'application', media: 'all' %>
    10:     <%= javascript_pack_tag 'application' %>
    11:   </head>
    12:   <body>
    13:     <% if logged_in? %>
  
app/views/layouts/application.html.erb:10
Started GET "/login" for ::1 at 2022-05-28 11:48:47 +0900
Processing by SessionsController#new as HTML
  [1m[36mEmployee Load (0.2ms)[0m  [1m[34mSELECT "employees".* FROM "employees" WHERE "employees"."id" IS NULL LIMIT ?[0m  [["LIMIT", 1]]
  ↳ app/helpers/sessions_helper.rb:7:in `current_user'
  Rendering layout layouts/application.html.erb
  Rendering sessions/new.html.erb within layouts/application
  Rendered sessions/new.html.erb within layouts/application (Duration: 1.4ms | Allocations: 460)
[Webpacker] Compiling...
[Webpacker] Compiled all packs in /Users/naganorioto/engineer-skill-check/public/packs
[Webpacker] Browserslist: caniuse-lite is outdated. Please run:
  npx browserslist@latest --update-db
  Why you should do it regularly: https://github.com/browserslist/browserslist#browsers-data-updating

[Webpacker] Hash: 08df6d9ec973e2370911
Version: webpack 4.46.0
Time: 2642ms
Built at: 2022/05/28 11:48:51
                                     Asset       Size       Chunks                         Chunk Names
    js/application-08129b49f138571cc522.js    382 KiB  application  [emitted] [immutable]  application
js/application-08129b49f138571cc522.js.map    447 KiB  application  [emitted] [dev]        application
         js/header-c2f2e7e1ed03c0583649.js   4.27 KiB       header  [emitted] [immutable]  header
     js/header-c2f2e7e1ed03c0583649.js.map   4.04 KiB       header  [emitted] [dev]        header
                             manifest.json  668 bytes               [emitted]              
Entrypoint application = js/application-08129b49f138571cc522.js js/application-08129b49f138571cc522.js.map
Entrypoint header = js/header-c2f2e7e1ed03c0583649.js js/header-c2f2e7e1ed03c0583649.js.map
[./app/javascript/channels sync recursive _channel\.js$] ./app/javascript/channels sync _channel\.js$ 160 bytes {application} [built]
[./app/javascript/channels/index.js] 211 bytes {application} [built]
[./app/javascript/packs/application.js] 452 bytes {application} [built]
[./app/javascript/packs/header.js] 411 bytes {header} [built]
[./node_modules/webpack/buildin/module.js] (webpack)/buildin/module.js 552 bytes {application} [built]
    + 3 hidden modules

  [1m[36mCACHE Employee Load (0.0ms)[0m  [1m[34mSELECT "employees".* FROM "employees" WHERE "employees"."id" IS NULL LIMIT ?[0m  [["LIMIT", 1]]
  ↳ app/helpers/sessions_helper.rb:7:in `current_user'
  Rendered layout layouts/application.html.erb (Duration: 4568.2ms | Allocations: 5804)
Completed 200 OK in 4574ms (Views: 4569.1ms | ActiveRecord: 0.3ms | Allocations: 6900)


Started GET "/" for ::1 at 2022-05-28 11:49:02 +0900
Processing by EmployeesController#index as HTML
  [1m[36mEmployee Load (0.4ms)[0m  [1m[34mSELECT "employees".* FROM "employees" WHERE "employees"."id" IS NULL LIMIT ?[0m  [["LIMIT", 1]]
  ↳ app/helpers/sessions_helper.rb:7:in `current_user'
Redirected to http://localhost:3000/login
Filter chain halted as :user_logged_in? rendered or redirected
Completed 302 Found in 7ms (ActiveRecord: 0.4ms | Allocations: 1346)


Started GET "/login" for ::1 at 2022-05-28 11:49:02 +0900
Processing by SessionsController#new as HTML
  [1m[36mEmployee Load (0.1ms)[0m  [1m[34mSELECT "employees".* FROM "employees" WHERE "employees"."id" IS NULL LIMIT ?[0m  [["LIMIT", 1]]
  ↳ app/helpers/sessions_helper.rb:7:in `current_user'
  Rendering layout layouts/application.html.erb
  Rendering sessions/new.html.erb within layouts/application
  Rendered sessions/new.html.erb within layouts/application (Duration: 1.0ms | Allocations: 515)
[Webpacker] Everything's up-to-date. Nothing to do
  [1m[36mCACHE Employee Load (0.0ms)[0m  [1m[34mSELECT "employees".* FROM "employees" WHERE "employees"."id" IS NULL LIMIT ?[0m  [["LIMIT", 1]]
  ↳ app/helpers/sessions_helper.rb:7:in `current_user'
  Rendered layout layouts/application.html.erb (Duration: 14.2ms | Allocations: 4871)
Completed 200 OK in 19ms (Views: 15.4ms | ActiveRecord: 0.2ms | Allocations: 6025)


Started POST "/login" for ::1 at 2022-05-28 11:49:23 +0900
Processing by SessionsController#create as HTML
  Parameters: {"authenticity_token"=>"[FILTERED]", "employees"=>{"account"=>"hana", "password"=>"[FILTERED]"}, "commit"=>"ログイン"}
  [1m[36mEmployee Load (0.4ms)[0m  [1m[34mSELECT "employees".* FROM "employees" WHERE "employees"."account" = ? AND "employees"."password" = ? LIMIT ?[0m  [["account", "hana"], ["password", "hanahana"], ["LIMIT", 1]]
  ↳ app/controllers/sessions_controller.rb:10:in `create'
  Rendering layout layouts/application.html.erb
  Rendering sessions/new.html.erb within layouts/application
  Rendered sessions/new.html.erb within layouts/application (Duration: 2.5ms | Allocations: 438)
[Webpacker] Everything's up-to-date. Nothing to do
  [1m[36mEmployee Load (0.2ms)[0m  [1m[34mSELECT "employees".* FROM "employees" WHERE "employees"."id" IS NULL LIMIT ?[0m  [["LIMIT", 1]]
  ↳ app/helpers/sessions_helper.rb:7:in `current_user'
  Rendered layout layouts/application.html.erb (Duration: 20.1ms | Allocations: 4720)
Completed 200 OK in 28ms (Views: 20.9ms | ActiveRecord: 0.6ms | Allocations: 6187)


